# JRE version: OpenJDK Runtime Environment (8.0_202-b03) (build 1.8.0_202-release-1483-b03)
# Java VM: OpenJDK 64-Bit Server VM (25.202-b03 mixed mode windows-amd64 compressed oops)
Heap:
 PSYoungGen      total 456192K, used 35427K [0x00000000e0000000, 0x0000000100000000, 0x0000000100000000)
  eden space 414208K, 4% used [0x00000000e0000000,0x00000000e133a660,0x00000000f9480000)
  from space 41984K, 37% used [0x00000000f9480000,0x00000000fa3de628,0x00000000fbd80000)
  to   space 59904K, 0% used [0x00000000fc580000,0x00000000fc580000,0x0000000100000000)
 ParOldGen       total 136704K, used 136596K [0x00000000a0000000, 0x00000000a8580000, 0x00000000e0000000)
  object space 136704K, 99% used [0x00000000a0000000,0x00000000a85650b0,0x00000000a8580000)
 Metaspace       used 106347K, capacity 110770K, committed 111168K, reserved 1146880K
  class space    used 13504K, capacity 14380K, committed 14464K, reserved 1048576K
GC Heap History (10 events):
Event: 310.786 GC heap before
{Heap before GC invocations=22 (full 3):
 PSYoungGen      total 412672K, used 412662K [0x00000000e0000000, 0x00000000fc300000, 0x0000000100000000)
  eden space 374784K, 100% used [0x00000000e0000000,0x00000000f6e00000,0x00000000f6e00000)
  from space 37888K, 99% used [0x00000000f9a80000,0x00000000fbf7d930,0x00000000fbf80000)
  to   space 43520K, 0% used [0x00000000f6e00000,0x00000000f6e00000,0x00000000f9880000)
 ParOldGen       total 136704K, used 82918K [0x00000000a0000000, 0x00000000a8580000, 0x00000000e0000000)
  object space 136704K, 60% used [0x00000000a0000000,0x00000000a50f9b40,0x00000000a8580000)
 Metaspace       used 93111K, capacity 97426K, committed 97624K, reserved 1134592K
  class space    used 12062K, capacity 12900K, committed 12928K, reserved 1048576K
Event: 310.920 GC heap after
Heap after GC invocations=22 (full 3):
 PSYoungGen      total 418304K, used 11239K [0x00000000e0000000, 0x00000000feb80000, 0x0000000100000000)
  eden space 374784K, 0% used [0x00000000e0000000,0x00000000e0000000,0x00000000f6e00000)
  from space 43520K, 25% used [0x00000000f6e00000,0x00000000f78f9dd0,0x00000000f9880000)
  to   space 42496K, 0% used [0x00000000fc200000,0x00000000fc200000,0x00000000feb80000)
 ParOldGen       total 136704K, used 96430K [0x00000000a0000000, 0x00000000a8580000, 0x00000000e0000000)
  object space 136704K, 70% used [0x00000000a0000000,0x00000000a5e2b8b0,0x00000000a8580000)
 Metaspace       used 93111K, capacity 97426K, committed 97624K, reserved 1134592K
  class space    used 12062K, capacity 12900K, committed 12928K, reserved 1048576K
}
Event: 315.322 GC heap before
{Heap before GC invocations=23 (full 3):
 PSYoungGen      total 418304K, used 238263K [0x00000000e0000000, 0x00000000feb80000, 0x0000000100000000)
  eden space 374784K, 60% used [0x00000000e0000000,0x00000000eddb3e68,0x00000000f6e00000)
  from space 43520K, 25% used [0x00000000f6e00000,0x00000000f78f9dd0,0x00000000f9880000)
  to   space 42496K, 0% used [0x00000000fc200000,0x00000000fc200000,0x00000000feb80000)
 ParOldGen       total 136704K, used 96430K [0x00000000a0000000, 0x00000000a8580000, 0x00000000e0000000)
  object space 136704K, 70% used [0x00000000a0000000,0x00000000a5e2b8b0,0x00000000a8580000)
 Metaspace       used 94187K, capacity 98450K, committed 98496K, reserved 1134592K
  class space    used 12213K, capacity 13028K, committed 13056K, reserved 1048576K
Event: 315.356 GC heap after
Heap after GC invocations=23 (full 3):
 PSYoungGen      total 451584K, used 8106K [0x00000000e0000000, 0x00000000fe680000, 0x0000000100000000)
  eden space 414208K, 0% used [0x00000000e0000000,0x00000000e0000000,0x00000000f9480000)
  from space 37376K, 21% used [0x00000000fc200000,0x00000000fc9ea9d8,0x00000000fe680000)
  to   space 41984K, 0% used [0x00000000f9480000,0x00000000f9480000,0x00000000fbd80000)
 ParOldGen       total 136704K, used 96438K [0x00000000a0000000, 0x00000000a8580000, 0x00000000e0000000)
  object space 136704K, 70% used [0x00000000a0000000,0x00000000a5e2d8b0,0x00000000a8580000)
 Metaspace       used 94187K, capacity 98450K, committed 98496K, reserved 1134592K
  class space    used 12213K, capacity 13028K, committed 13056K, reserved 1048576K
}
Event: 315.357 GC heap before
{Heap before GC invocations=24 (full 4):
 PSYoungGen      total 451584K, used 8106K [0x00000000e0000000, 0x00000000fe680000, 0x0000000100000000)
  eden space 414208K, 0% used [0x00000000e0000000,0x00000000e0000000,0x00000000f9480000)
  from space 37376K, 21% used [0x00000000fc200000,0x00000000fc9ea9d8,0x00000000fe680000)
  to   space 41984K, 0% used [0x00000000f9480000,0x00000000f9480000,0x00000000fbd80000)
 ParOldGen       total 136704K, used 96438K [0x00000000a0000000, 0x00000000a8580000, 0x00000000e0000000)
  object space 136704K, 70% used [0x00000000a0000000,0x00000000a5e2d8b0,0x00000000a8580000)
 Metaspace       used 94187K, capacity 98450K, committed 98496K, reserved 1134592K
  class space    used 12213K, capacity 13028K, committed 13056K, reserved 1048576K
Event: 316.402 GC heap after
Heap after GC invocations=24 (full 4):
 PSYoungGen      total 451584K, used 0K [0x00000000e0000000, 0x00000000fe680000, 0x0000000100000000)
  eden space 414208K, 0% used [0x00000000e0000000,0x00000000e0000000,0x00000000f9480000)
  from space 37376K, 0% used [0x00000000fc200000,0x00000000fc200000,0x00000000fe680000)
  to   space 41984K, 0% used [0x00000000f9480000,0x00000000f9480000,0x00000000fbd80000)
 ParOldGen       total 136704K, used 84498K [0x00000000a0000000, 0x00000000a8580000, 0x00000000e0000000)
  object space 136704K, 61% used [0x00000000a0000000,0x00000000a5284b48,0x00000000a8580000)
 Metaspace       used 94134K, capacity 98326K, committed 98496K, reserved 1134592K
  class space    used 12200K, capacity 13012K, committed 13056K, reserved 1048576K
}
Event: 326.567 GC heap before
{Heap before GC invocations=25 (full 4):
 PSYoungGen      total 451584K, used 414208K [0x00000000e0000000, 0x00000000fe680000, 0x0000000100000000)
  eden space 414208K, 100% used [0x00000000e0000000,0x00000000f9480000,0x00000000f9480000)
  from space 37376K, 0% used [0x00000000fc200000,0x00000000fc200000,0x00000000fe680000)
  to   space 41984K, 0% used [0x00000000f9480000,0x00000000f9480000,0x00000000fbd80000)
 ParOldGen       total 136704K, used 84498K [0x00000000a0000000, 0x00000000a8580000, 0x00000000e0000000)
  object space 136704K, 61% used [0x00000000a0000000,0x00000000a5284b48,0x00000000a8580000)
 Metaspace       used 105569K, capacity 109906K, committed 110144K, reserved 1144832K
  class space    used 13469K, capacity 14348K, committed 14464K, reserved 1048576K
Event: 326.679 GC heap after
Heap after GC invocations=25 (full 4):
 PSYoungGen      total 456192K, used 41953K [0x00000000e0000000, 0x0000000100000000, 0x0000000100000000)
  eden space 414208K, 0% used [0x00000000e0000000,0x00000000e0000000,0x00000000f9480000)
  from space 41984K, 99% used [0x00000000f9480000,0x00000000fbd78470,0x00000000fbd80000)
  to   space 59904K, 0% used [0x00000000fc580000,0x00000000fc580000,0x0000000100000000)
 ParOldGen       total 136704K, used 115084K [0x00000000a0000000, 0x00000000a8580000, 0x00000000e0000000)
  object space 136704K, 84% used [0x00000000a0000000,0x00000000a70633f8,0x00000000a8580000)
 Metaspace       used 105569K, capacity 109906K, committed 110144K, reserved 1144832K
  class space    used 13469K, capacity 14348K, committed 14464K, reserved 1048576K
}
Event: 326.679 GC heap before
{Heap before GC invocations=26 (full 5):
 PSYoungGen      total 456192K, used 41953K [0x00000000e0000000, 0x0000000100000000, 0x0000000100000000)
  eden space 414208K, 0% used [0x00000000e0000000,0x00000000e0000000,0x00000000f9480000)
  from space 41984K, 99% used [0x00000000f9480000,0x00000000fbd78470,0x00000000fbd80000)
  to   space 59904K, 0% used [0x00000000fc580000,0x00000000fc580000,0x0000000100000000)
 ParOldGen       total 136704K, used 115084K [0x00000000a0000000, 0x00000000a8580000, 0x00000000e0000000)
  object space 136704K, 84% used [0x00000000a0000000,0x00000000a70633f8,0x00000000a8580000)
 Metaspace       used 105569K, capacity 109906K, committed 110144K, reserved 1144832K
  class space    used 13469K, capacity 14348K, committed 14464K, reserved 1048576K
Event: 327.830 GC heap after
Heap after GC invocations=26 (full 5):
 PSYoungGen      total 456192K, used 15737K [0x00000000e0000000, 0x0000000100000000, 0x0000000100000000)
  eden space 414208K, 0% used [0x00000000e0000000,0x00000000e0000000,0x00000000f9480000)
  from space 41984K, 37% used [0x00000000f9480000,0x00000000fa3de628,0x00000000fbd80000)
  to   space 59904K, 0% used [0x00000000fc580000,0x00000000fc580000,0x0000000100000000)
 ParOldGen       total 136704K, used 136596K [0x00000000a0000000, 0x00000000a8580000, 0x00000000e0000000)
  object space 136704K, 99% used [0x00000000a0000000,0x00000000a85650b0,0x00000000a8580000)
 Metaspace       used 105569K, capacity 109906K, committed 110144K, reserved 1144832K
  class space    used 13469K, capacity 14348K, committed 14464K, reserved 1048576K
}

